
Showing logs for build [32mcb-kubecd-environment-pr-177-10-pk7xf-1[0m stage [32mfrom-build-pack[0m and container [32mstep-credential-initializer-b2trb[0m
{"level":"warn","ts":1583565991.9056046,"logger":"fallback-logger","caller":"logging/config.go:69","msg":"Fetch GitHub commit ID from kodata failed: \"ref: refs/heads/0.8.0-**-support-backwards-incompats\" is not a valid GitHub commit ID"}
{"level":"info","ts":1583565991.9062922,"logger":"fallback-logger","caller":"creds-init/main.go:40","msg":"Credentials initialized."}

Showing logs for build [32mcb-kubecd-environment-pr-177-10-pk7xf-1[0m stage [32mfrom-build-pack[0m and container [32mstep-working-dir-initializer-zw5f2[0m
{"level":"warn","ts":1583565992.890251,"logger":"fallback-logger","caller":"logging/config.go:69","msg":"Fetch GitHub commit ID from kodata failed: open /var/run/ko/HEAD: no such file or directory"}
{"level":"info","ts":1583565992.9345617,"logger":"fallback-logger","caller":"bash/main.go:64","msg":"Successfully executed command \"sh -c mkdir -p /workspace/source\"; output "}

Showing logs for build [32mcb-kubecd-environment-pr-177-10-pk7xf-1[0m stage [32mfrom-build-pack[0m and container [32mstep-place-tools[0m

Showing logs for build [32mcb-kubecd-environment-pr-177-10-pk7xf-1[0m stage [32mfrom-build-pack[0m and container [32mstep-git-source-cb-kubecd-environment-pr-177-10-pk7xf-qcz2m[0m
{"level":"warn","ts":1583565997.5109377,"logger":"fallback-logger","caller":"logging/config.go:69","msg":"Fetch GitHub commit ID from kodata failed: \"ref: refs/heads/0.8.0-**-support-backwards-incompats\" is not a valid GitHub commit ID"}
{"level":"info","ts":1583565998.5481324,"logger":"fallback-logger","caller":"git/git.go:103","msg":"Successfully cloned https://github.com/cb-kubecd/environment-pr-177-10-boot-vault-gke-staging.git @ master in path /workspace/source"}

Showing logs for build [32mcb-kubecd-environment-pr-177-10-pk7xf-1[0m stage [32mfrom-build-pack[0m and container [32mstep-git-merge[0m
Using SHAs from PULL_REFS=master:f703882b06d300a8b03797186005cab6e156e7de,3:cca5da4bdc91d1b21dd722222abcd9bb3214bdc2
DEBUG: JX_LOG_LEVEL=error LC_ALL=C git fetch origin --unshallow cca5da4bdc91d1b21dd722222abcd9bb3214bdc2: f703882b06d300a8b03797186005cab6e156e7de:
DEBUG: ran git fetch --unshallow origin cca5da4bdc91d1b21dd722222abcd9bb3214bdc2: f703882b06d300a8b03797186005cab6e156e7de: in 
DEBUG: LC_ALL=C JX_LOG_LEVEL=error git branch
DEBUG: LC_ALL=C JX_LOG_LEVEL=error git checkout master
DEBUG: ran git checkout master in 
DEBUG: LC_ALL=C JX_LOG_LEVEL=error git reset --hard f703882b06d300a8b03797186005cab6e156e7de
DEBUG: ran git reset --hard f703882b06d300a8b03797186005cab6e156e7de in 
DEBUG: LC_ALL=C JX_LOG_LEVEL=error git clean -fd .
DEBUG: ran clean --force -d . in 
DEBUG: LC_ALL=C JX_LOG_LEVEL=error git merge cca5da4bdc91d1b21dd722222abcd9bb3214bdc2
DEBUG: ran git merge cca5da4bdc91d1b21dd722222abcd9bb3214bdc2 in 
DEBUG: LC_ALL=C JX_LOG_LEVEL=error git log --format=%H%x1f%an%x1f%ae%x1f%cn%x1f%ce%x1f%s%n%b%x1e f703882b06d300a8b03797186005cab6e156e7de..HEAD
Merged SHA cca5da4bdc91d1b21dd722222abcd9bb3214bdc2 with commit message 'chore: Promote bdd-nh-1583564181 to version 0.0.1' into base branch master

Showing logs for build [32mcb-kubecd-environment-pr-177-10-pk7xf-1[0m stage [32mfrom-build-pack[0m and container [32mstep-build-helm-build[0m
WARNING: No $CHART_REPOSITORY defined so using the default value of: http://jenkins-x-chartmuseum:8080
Adding missing Helm repo: storage.googleapis.com https://storage.googleapis.com/chartmuseum.jenkins-x.io
WARNING: No secrets found on "helm/repos" due: reading the secret "helm/repos" from vault: no secret "helm/repos" not found in vault
Read credentials for https://storage.googleapis.com/chartmuseum.jenkins-x.io from vault helm/repos
Successfully added Helm repository storage.googleapis.com.
Adding missing Helm repo: jenkins-x-chartmuseum http://jenkins-x-chartmuseum:8080
WARNING: No secrets found on "helm/repos" due: reading the secret "helm/repos" from vault: no secret "helm/repos" not found in vault
Read credentials for http://jenkins-x-chartmuseum:8080 from vault helm/repos
Successfully added Helm repository jenkins-x-chartmuseum.
WARNING: No $CHART_REPOSITORY defined so using the default value of: http://jenkins-x-chartmuseum:8080
Adding missing Helm repo: chartmuseum.jenkins-x.io http://chartmuseum.jenkins-x.io
WARNING: No secrets found on "helm/repos" due: reading the secret "helm/repos" from vault: no secret "helm/repos" not found in vault
Read credentials for http://chartmuseum.jenkins-x.io from vault helm/repos
Successfully added Helm repository chartmuseum.jenkins-x.io.
